INFO  @ Mon, 16 Mar 2026 08:45:51: Parameters: /home/data/t060551/.local/bin/mageck mle -k data/drug_screen/count_table.txt -d data/drug_screen/design_matrix_dose.txt -n results/drug_mle_dose --permutation-round 2 
INFO  @ Mon, 16 Mar 2026 08:45:51: Cannot parse design matrix as a string; try to parse it as a file name ... 
INFO  @ Mon, 16 Mar 2026 08:45:51: Design matrix: 
INFO  @ Mon, 16 Mar 2026 08:45:51: [[1. 0. 0. 0.] 
INFO  @ Mon, 16 Mar 2026 08:45:51:  [1. 0. 0. 0.] 
INFO  @ Mon, 16 Mar 2026 08:45:51:  [1. 1. 0. 0.] 
INFO  @ Mon, 16 Mar 2026 08:45:51:  [1. 1. 0. 0.] 
INFO  @ Mon, 16 Mar 2026 08:45:51:  [1. 1. 1. 0.] 
INFO  @ Mon, 16 Mar 2026 08:45:51:  [1. 1. 1. 0.] 
INFO  @ Mon, 16 Mar 2026 08:45:51:  [1. 1. 0. 1.] 
INFO  @ Mon, 16 Mar 2026 08:45:51:  [1. 1. 0. 1.]] 
INFO  @ Mon, 16 Mar 2026 08:45:51: Beta labels:baseline,time,drug_lo,drug_hi 
INFO  @ Mon, 16 Mar 2026 08:45:51: Included samples:T0_rep1,T0_rep2,DMSO_rep1,DMSO_rep2,Drug_rep1,Drug_rep2,DrugHi_rep1,DrugHi_rep2 
INFO  @ Mon, 16 Mar 2026 08:45:51: Loaded samples:T0_rep1;T0_rep2;DMSO_rep1;DMSO_rep2;Drug_rep1;Drug_rep2;DrugHi_rep1;DrugHi_rep2 
INFO  @ Mon, 16 Mar 2026 08:45:51: Sample index: 0;1;2;3;4;5;6;7 
INFO  @ Mon, 16 Mar 2026 08:45:51: Loaded 509 genes. 
DEBUG @ Mon, 16 Mar 2026 08:45:51: Initial (total) size factor: 0.991865614434692 0.9896590092880955 1.01837665126625 1.0161400248267476 1.01435764236466 1.011905971573812 0.9764801888604266 0.9831753585157971 
DEBUG @ Mon, 16 Mar 2026 08:45:51: Median factor: 0.9583795727384028 0.9622970921413402 0.9865308430150522 0.9906971495190117 1.0109970448052077 1.024489715658395 1.0172044448562478 1.0193314062419796 
INFO  @ Mon, 16 Mar 2026 08:45:51: Final size factor: 0.9583795727384028 0.9622970921413402 0.9865308430150522 0.9906971495190117 1.0109970448052077 1.024489715658395 1.0172044448562478 1.0193314062419796 
INFO  @ Mon, 16 Mar 2026 08:45:51: size factor: 1.043427915666727,1.03918011201173,1.013653052086829,1.0093902061649263,0.9891225747278751,0.9760956939985908,0.9830865418026371,0.9810352098212596 
INFO  @ Mon, 16 Mar 2026 08:45:51: Thread 0 started. 
INFO  @ Mon, 16 Mar 2026 08:45:51: Thread 0: total 1 instances. 
INFO  @ Mon, 16 Mar 2026 08:45:51: Thread 0 completed. 
INFO  @ Mon, 16 Mar 2026 08:45:51: All threads completed. 
INFO  @ Mon, 16 Mar 2026 08:45:51: Modeling the mean and variance ... 
INFO  @ Mon, 16 Mar 2026 08:45:51: Run the algorithm for the second time ... 
INFO  @ Mon, 16 Mar 2026 08:45:51: Thread 0 started. 
INFO  @ Mon, 16 Mar 2026 08:45:51: Thread 0: total 509 instances. 
INFO  @ Mon, 16 Mar 2026 08:45:51: Thread 0: Calculating AAK1 (1) ...  
INFO  @ Mon, 16 Mar 2026 08:45:52: Thread 0 completed. 
INFO  @ Mon, 16 Mar 2026 08:45:52: All threads completed. 
INFO  @ Mon, 16 Mar 2026 08:45:53: Permuting groups of gene with 4 sgRNAs per gene. Group progress: 1/1 
INFO  @ Mon, 16 Mar 2026 08:45:53: Start permuting 2 rounds ... 
INFO  @ Mon, 16 Mar 2026 08:45:53: Collecting 2036 sgRNAs from 509 genes. 
INFO  @ Mon, 16 Mar 2026 08:45:53: Permuting round 0 ... 
INFO  @ Mon, 16 Mar 2026 08:45:53: Thread 0 started. 
INFO  @ Mon, 16 Mar 2026 08:45:53: Thread 0: total 509 instances. 
INFO  @ Mon, 16 Mar 2026 08:45:53: Thread 0: Calculating AAK1 (1) ...  
INFO  @ Mon, 16 Mar 2026 08:45:54: Thread 0 completed. 
INFO  @ Mon, 16 Mar 2026 08:45:54: All threads completed. 
INFO  @ Mon, 16 Mar 2026 08:45:54: Permuting round 1 ... 
INFO  @ Mon, 16 Mar 2026 08:45:54: Thread 0 started. 
INFO  @ Mon, 16 Mar 2026 08:45:54: Thread 0: total 509 instances. 
INFO  @ Mon, 16 Mar 2026 08:45:54: Thread 0: Calculating AAK1 (1) ...  
INFO  @ Mon, 16 Mar 2026 08:45:56: Thread 0 completed. 
INFO  @ Mon, 16 Mar 2026 08:45:56: All threads completed. 
INFO  @ Mon, 16 Mar 2026 08:45:56: Assigning p values... 
INFO  @ Mon, 16 Mar 2026 08:45:56: Writing gene results to results/drug_mle_dose.gene_summary.txt 
INFO  @ Mon, 16 Mar 2026 08:45:56: Writing sgRNA results to results/drug_mle_dose.sgrna_summary.txt 
