INFO  @ Sun, 15 Mar 2026 22:26:29: Parameters: /home/data/t060551/.local/bin/mageck mle -k data/drug_screen/count_table.txt -d data/drug_screen/design_matrix.txt -n results/drug_mle --permutation-round 2 
INFO  @ Sun, 15 Mar 2026 22:26:29: Cannot parse design matrix as a string; try to parse it as a file name ... 
INFO  @ Sun, 15 Mar 2026 22:26:29: Design matrix: 
INFO  @ Sun, 15 Mar 2026 22:26:29: [[1. 0. 0.] 
INFO  @ Sun, 15 Mar 2026 22:26:29:  [1. 0. 0.] 
INFO  @ Sun, 15 Mar 2026 22:26:29:  [1. 1. 0.] 
INFO  @ Sun, 15 Mar 2026 22:26:29:  [1. 1. 0.] 
INFO  @ Sun, 15 Mar 2026 22:26:29:  [1. 1. 1.] 
INFO  @ Sun, 15 Mar 2026 22:26:29:  [1. 1. 1.]] 
INFO  @ Sun, 15 Mar 2026 22:26:29: Beta labels:baseline,time,drug 
INFO  @ Sun, 15 Mar 2026 22:26:29: Included samples:T0_rep1,T0_rep2,DMSO_rep1,DMSO_rep2,Drug_rep1,Drug_rep2 
INFO  @ Sun, 15 Mar 2026 22:26:29: Loaded samples:T0_rep1;T0_rep2;DMSO_rep1;DMSO_rep2;Drug_rep1;Drug_rep2 
INFO  @ Sun, 15 Mar 2026 22:26:29: Sample index: 0;1;2;3;4;5 
INFO  @ Sun, 15 Mar 2026 22:26:29: Loaded 509 genes. 
DEBUG @ Sun, 15 Mar 2026 22:26:29: Initial (total) size factor: 0.9850549905460314 0.9828635370061702 1.0113839899139143 1.0091627212217087 1.007392577450426 1.0049577410042836 
DEBUG @ Sun, 15 Mar 2026 22:26:29: Median factor: 0.9603072458731419 0.9654789902784169 0.9941119819876668 0.9950264733114937 1.0103667799666325 1.0355255438250188 
INFO  @ Sun, 15 Mar 2026 22:26:29: Final size factor: 0.9603072458731419 0.9654789902784169 0.9941119819876668 0.9950264733114937 1.0103667799666325 1.0355255438250188 
INFO  @ Sun, 15 Mar 2026 22:26:29: size factor: 1.0413333902221764,1.0357553194519833,1.0059228921077488,1.0049983862961496,0.989739587472408,0.965693223081881 
INFO  @ Sun, 15 Mar 2026 22:26:29: Thread 0 started. 
INFO  @ Sun, 15 Mar 2026 22:26:29: Thread 0: total 1 instances. 
INFO  @ Sun, 15 Mar 2026 22:26:29: Thread 0 completed. 
INFO  @ Sun, 15 Mar 2026 22:26:29: All threads completed. 
INFO  @ Sun, 15 Mar 2026 22:26:29: Modeling the mean and variance ... 
INFO  @ Sun, 15 Mar 2026 22:26:29: Run the algorithm for the second time ... 
INFO  @ Sun, 15 Mar 2026 22:26:29: Thread 0 started. 
INFO  @ Sun, 15 Mar 2026 22:26:30: Thread 0: total 509 instances. 
INFO  @ Sun, 15 Mar 2026 22:26:30: Thread 0: Calculating AAK1 (1) ...  
INFO  @ Sun, 15 Mar 2026 22:26:31: Thread 0 completed. 
INFO  @ Sun, 15 Mar 2026 22:26:31: All threads completed. 
INFO  @ Sun, 15 Mar 2026 22:26:31: Permuting groups of gene with 4 sgRNAs per gene. Group progress: 1/1 
INFO  @ Sun, 15 Mar 2026 22:26:31: Start permuting 2 rounds ... 
INFO  @ Sun, 15 Mar 2026 22:26:31: Collecting 2036 sgRNAs from 509 genes. 
INFO  @ Sun, 15 Mar 2026 22:26:31: Permuting round 0 ... 
INFO  @ Sun, 15 Mar 2026 22:26:31: Thread 0 started. 
INFO  @ Sun, 15 Mar 2026 22:26:31: Thread 0: total 509 instances. 
INFO  @ Sun, 15 Mar 2026 22:26:31: Thread 0: Calculating AAK1 (1) ...  
INFO  @ Sun, 15 Mar 2026 22:26:33: Thread 0 completed. 
INFO  @ Sun, 15 Mar 2026 22:26:33: All threads completed. 
INFO  @ Sun, 15 Mar 2026 22:26:33: Permuting round 1 ... 
INFO  @ Sun, 15 Mar 2026 22:26:33: Thread 0 started. 
INFO  @ Sun, 15 Mar 2026 22:26:33: Thread 0: total 509 instances. 
INFO  @ Sun, 15 Mar 2026 22:26:33: Thread 0: Calculating AAK1 (1) ...  
INFO  @ Sun, 15 Mar 2026 22:26:34: Thread 0 completed. 
INFO  @ Sun, 15 Mar 2026 22:26:34: All threads completed. 
INFO  @ Sun, 15 Mar 2026 22:26:35: Assigning p values... 
INFO  @ Sun, 15 Mar 2026 22:26:35: Writing gene results to results/drug_mle.gene_summary.txt 
INFO  @ Sun, 15 Mar 2026 22:26:35: Writing sgRNA results to results/drug_mle.sgrna_summary.txt 
